<?xml version="1.0" encoding="UTF-8"?>
<!-- Generated by org.testng.reporters.JUnitXMLReporter -->
<testsuite hostname="Parna" name="Command line test" tests="1" failures="1" timestamp="30 Jan 2020 06:05:25 GMT" time="72.004" errors="0">
  <testcase name="testLogin" time="30.021" classname="com.org.test.BgeHomePageTest">
    <failure type="java.lang.NullPointerException">
      <![CDATA[java.lang.NullPointerException
	at com.org.pages.BgeHomePage.setUserName(BgeHomePage.java:22)
	at com.org.test.BgeHomePageTest.testLogin(BgeHomePageTest.java:35)
... Removed 33 stack frames]]>
    </failure>
  </testcase> <!-- testLogin -->
</testsuite> <!-- Command line test -->
