<?xml version="1.0" encoding="UTF-8" ?>
<testsuite tests="1" failures="1" name="com.org.test.BgeHomePageTest" time="30.038" errors="0" skipped="0">
  <properties>
[...]
</properties>
  <testcase classname="com.org.test.BgeHomePageTest" name="testLogin" time="30.038">
    <failure type="java.lang.NullPointerException">java.lang.NullPointerException
	at com.org.pages.BgeHomePage.setUserName(BgeHomePage.java:22)
	at com.org.test.BgeHomePageTest.testLogin(BgeHomePageTest.java:35)
</failure>
    <system-out>Configuring TestNG with: org.apache.maven.surefire.testng.conf.TestNG652Configurator@2c13da15
</system-out>
    <system-err>SLF4J: Failed to load class &quot;org.slf4j.impl.StaticLoggerBinder&quot;.
SLF4J: Defaulting to no-operation (NOP) logger implementation
SLF4J: See http://www.slf4j.org/codes.html#StaticLoggerBinder for further details.
Starting ChromeDriver 79.0.3945.36 (3582db32b33893869b8c1339e8f4d9ed1816f143-refs/branch-heads/3945@{#614}) on port 33715
Only local connections are allowed.
Please protect ports used by ChromeDriver and related test frameworks to prevent access by malicious code.
[1580364290.874][WARNING]: Timed out connecting to Chrome, retrying...
Jan 30, 2020 12:04:54 AM org.openqa.selenium.remote.ProtocolHandshake createSession
INFO: Detected dialect: W3C
</system-err>
  </testcase>
</testsuite>