<?xml version="1.0" encoding="UTF-8"?>
<testng-results skipped="0" failed="0" total="1" passed="1">
  <reporter-output>
  </reporter-output>
  <suite name="Default suite" duration-ms="51915" started-at="2020-01-30T06:41:44Z" finished-at="2020-01-30T06:42:36Z">
    <groups>
    </groups>
    <test name="Default test" duration-ms="51915" started-at="2020-01-30T06:41:44Z" finished-at="2020-01-30T06:42:36Z">
      <class name="com.org.test.BgeHomePageTest">
        <test-method status="PASS" signature="beforeClass()[pri:0, instance:com.org.test.BgeHomePageTest@42e26948]" name="beforeClass" is-config="true" duration-ms="29763" started-at="2020-01-30T00:41:44Z" finished-at="2020-01-30T00:42:14Z">
          <reporter-output>
          </reporter-output>
        </test-method> <!-- beforeClass -->
        <test-method status="PASS" signature="testLogin()[pri:0, instance:com.org.test.BgeHomePageTest@42e26948]" name="testLogin" duration-ms="22099" started-at="2020-01-30T00:42:14Z" finished-at="2020-01-30T00:42:36Z">
          <reporter-output>
          </reporter-output>
        </test-method> <!-- testLogin -->
        <test-method status="PASS" signature="afterClass()[pri:0, instance:com.org.test.BgeHomePageTest@42e26948]" name="afterClass" is-config="true" duration-ms="0" started-at="2020-01-30T00:42:36Z" finished-at="2020-01-30T00:42:36Z">
          <reporter-output>
          </reporter-output>
        </test-method> <!-- afterClass -->
      </class> <!-- com.org.test.BgeHomePageTest -->
    </test> <!-- Default test -->
  </suite> <!-- Default suite -->
</testng-results>
